Project Information                          f:\files\freezing-cpu\controm.rpt

MAX+plus II Compiler Report File
Version 10.2 07/10/2002
Compiled: 07/08/2021 10:15:57

Copyright (C) 1988-2002 Altera Corporation
Any megafunction design, and related net list (encrypted or decrypted),
support information, device programming or simulation file, and any other
associated documentation or information provided by Altera or a partner
under Altera's Megafunction Partnership Program may be used only to
program PLD devices (but not masked PLD devices) from Altera.  Any other
use of such megafunction design, net list, support information, device
programming or simulation file, or any other related documentation or
information is prohibited for any other purpose, including, but not
limited to modification, reverse engineering, de-compiling, or use with
any other silicon devices, unless such use is explicitly licensed under
a separate agreement with Altera or a megafunction partner.  Title to
the intellectual property, including patents, copyrights, trademarks,
trade secrets, or maskworks, embodied in any such megafunction design,
net list, support information, device programming or simulation file, or
any other related documentation or information provided by Altera or a
megafunction partner, remains with Altera, the megafunction partner, or
their respective licensors.  No other licenses, including any licenses
needed under any third party's intellectual property, are provided herein.



***** Project compilation was successful


CONTROM


** DEVICE SUMMARY **

Chip/                     Input   Output   Bidir         Shareable
POF       Device          Pins    Pins     Pins     LCs  Expanders  % Utilized

controm   EPM7032LC44-6    6        27       0      27      8           84 %

User Pins:                 6        27       0  



Project Information                          f:\files\freezing-cpu\controm.rpt

** PROJECT COMPILATION MESSAGES **

Warning: Primitive 'UA5' is stuck at GND
Warning: Primitive 'UA4' is stuck at GND
Warning: Primitive 'UA1' is stuck at GND
Warning: Primitive 'UA0' is stuck at GND
Warning: Primitive 'O5' is stuck at VCC


Device-Specific Information:                 f:\files\freezing-cpu\controm.rpt
controm

***** Logic for device 'controm' compiled without errors.




Device: EPM7032LC44-6

Device Options:
    Turbo Bit                                    = ON
    Security Bit                                 = OFF



Device-Specific Information:                 f:\files\freezing-cpu\controm.rpt
controm

** ERROR SUMMARY **

Info: Chip 'controm' in device 'EPM7032LC44-6' has less than 20% of pins available for future logic changes -- if your project is likely to change, Altera recommends using a larger device
           A  A                 A           
           D  D                 D           
           D  D  U  V  G  G  G  D  G     O  
           R  R  A  C  N  N  N  R  N  O  1  
           4  5  4  C  D  D  D  0  D  9  0  
         -----------------------------------_ 
       /   6  5  4  3  2  1 44 43 42 41 40   | 
ADDR3 |  7                                39 | O11 
ADDR2 |  8                                38 | O12 
ADDR1 |  9                                37 | O13 
  GND | 10                                36 | O14 
  UA1 | 11                                35 | VCC 
  UA0 | 12         EPM7032LC44-6          34 | O15 
  O20 | 13                                33 | O16 
  O19 | 14                                32 | O8 
  VCC | 15                                31 | O7 
  O18 | 16                                30 | GND 
  UA3 | 17                                29 | O17 
      |_  18 19 20 21 22 23 24 25 26 27 28  _| 
        ------------------------------------ 
           O  U  O  U  G  V  O  O  O  O  O  
           5  A  6  A  N  C  3  2  0  4  1  
              5     2  D  C                 
                                            
                                            


N.C. = No Connect. This pin has no internal connection to the device.
VCC = Dedicated power pin, which MUST be connected to VCC.
GND = Dedicated ground pin or unused dedicated input, which MUST be connected to GND.
RESERVED = Unused I/O pin, which MUST be left unconnected.



Device-Specific Information:                 f:\files\freezing-cpu\controm.rpt
controm

** RESOURCE USAGE **

                                                Shareable     External
Logic Array Block     Logic Cells   I/O Pins    Expanders   Interconnect

A:     LC1 - LC16    11/16( 68%)  16/16(100%)   1/16(  6%)   6/36( 16%) 
B:    LC17 - LC32    16/16(100%)  16/16(100%)  14/16( 87%)   6/36( 16%) 


Total dedicated input pins used:                 1/4      ( 25%)
Total I/O pins used:                            32/32     (100%)
Total logic cells used:                         27/32     ( 84%)
Total shareable expanders used:                  8/32     ( 25%)
Total Turbo logic cells used:                   27/32     ( 84%)
Total shareable expanders not available (n/a):   7/32     ( 21%)
Average fan-in:                                  4.77
Total fan-in:                                   129

Total input pins required:                       6
Total output pins required:                     27
Total bidirectional pins required:               0
Total logic cells required:                     27
Total flipflops required:                        0
Total product terms required:                   77
Total logic cells lending parallel expanders:    0
Total shareable expanders in database:           8

Synthesized logic cells:                         0/  32   (  0%)



Device-Specific Information:                 f:\files\freezing-cpu\controm.rpt
controm

** INPUTS **

                                         Shareable
                                         Expanders     Fan-In    Fan-Out
 Pin     LC  LAB  Primitive    Code   Total Shared n/a INP  FBK  OUT  FBK  Name
  43      -   -       INPUT               0      0   0    0    0   22    0  ADDR0
   9    (6)  (A)      INPUT               0      0   0    0    0   22    0  ADDR1
   8    (5)  (A)      INPUT               0      0   0    0    0   22    0  ADDR2
   7    (4)  (A)      INPUT               0      0   0    0    0   19    0  ADDR3
   6    (3)  (A)      INPUT               0      0   0    0    0   22    0  ADDR4
   5    (2)  (A)      INPUT               0      0   0    0    0   22    0  ADDR5


Code:

s = Synthesized pin or logic cell
t = Turbo logic cell
+ = Synchronous flipflop
! = NOT gate push-back
r = Fitter-inserted logic cell


Device-Specific Information:                 f:\files\freezing-cpu\controm.rpt
controm

** OUTPUTS **

                                         Shareable
                                         Expanders     Fan-In    Fan-Out
 Pin     LC  LAB  Primitive    Code   Total Shared n/a INP  FBK  OUT  FBK  Name
  26     30    B     OUTPUT      t        0      0   0    6    0    0    0  O0
  28     28    B     OUTPUT      t        0      0   0    6    0    0    0  O1
  25     31    B     OUTPUT      t        2      1   1    6    0    0    0  O2
  24     32    B     OUTPUT      t        0      0   0    6    0    0    0  O3
  27     29    B     OUTPUT      t        2      1   1    6    0    0    0  O4
  18     13    A     OUTPUT      t        0      0   0    0    0    0    0  O5
  20     15    A     OUTPUT      t        0      0   0    5    0    0    0  O6
  31     26    B     OUTPUT      t        0      0   0    6    0    0    0  O7
  32     25    B     OUTPUT      t        0      0   0    6    0    0    0  O8
  41     17    B     OUTPUT      t        0      0   0    6    0    0    0  O9
  40     18    B     OUTPUT      t        0      0   0    6    0    0    0  O10
  39     19    B     OUTPUT      t        4      1   1    6    0    0    0  O11
  38     20    B     OUTPUT      t        4      1   1    6    0    0    0  O12
  37     21    B     OUTPUT      t        4      1   1    6    0    0    0  O13
  36     22    B     OUTPUT      t        0      0   0    6    0    0    0  O14
  34     23    B     OUTPUT      t        0      0   0    6    0    0    0  O15
  33     24    B     OUTPUT      t        0      0   0    6    0    0    0  O16
  29     27    B     OUTPUT      t        2      1   1    6    0    0    0  O17
  16     11    A     OUTPUT      t        0      0   0    5    0    0    0  O18
  14     10    A     OUTPUT      t        1      0   1    6    0    0    0  O19
  13      9    A     OUTPUT      t        0      0   0    6    0    0    0  O20
  12      8    A     OUTPUT      t        0      0   0    0    0    0    0  UA0
  11      7    A     OUTPUT      t        0      0   0    0    0    0    0  UA1
  21     16    A     OUTPUT      t        0      0   0    5    0    0    0  UA2
  17     12    A     OUTPUT      t        0      0   0    6    0    0    0  UA3
   4      1    A     OUTPUT      t        0      0   0    0    0    0    0  UA4
  19     14    A     OUTPUT      t        0      0   0    0    0    0    0  UA5


Code:

s = Synthesized pin or logic cell
t = Turbo logic cell
+ = Synchronous flipflop
! = NOT gate push-back
r = Fitter-inserted logic cell


Device-Specific Information:                 f:\files\freezing-cpu\controm.rpt
controm

** LOGIC CELL INTERCONNECTIONS **

Logic Array Block 'A':

                               Logic cells placed in LAB 'A'
        +--------------------- LC13 O5
        | +------------------- LC15 O6
        | | +----------------- LC11 O18
        | | | +--------------- LC10 O19
        | | | | +------------- LC9 O20
        | | | | | +----------- LC8 UA0
        | | | | | | +--------- LC7 UA1
        | | | | | | | +------- LC16 UA2
        | | | | | | | | +----- LC12 UA3
        | | | | | | | | | +--- LC1 UA4
        | | | | | | | | | | +- LC14 UA5
        | | | | | | | | | | | 
        | | | | | | | | | | |   Other LABs fed by signals
        | | | | | | | | | | |   that feed LAB 'A'
LC      | | | | | | | | | | | | A B |     Logic cells that feed LAB 'A':

Pin
43   -> - * * * * - - * * - - | * * | <-- ADDR0
9    -> - * * * * - - * * - - | * * | <-- ADDR1
8    -> - * * * * - - * * - - | * * | <-- ADDR2
7    -> - - - * * - - - * - - | * * | <-- ADDR3
6    -> - * * * * - - * * - - | * * | <-- ADDR4
5    -> - * * * * - - * * - - | * * | <-- ADDR5


* = The logic cell or pin is an input to the logic cell (or LAB) through the PIA.
- = The logic cell or pin is not an input to the logic cell (or LAB).


Device-Specific Information:                 f:\files\freezing-cpu\controm.rpt
controm

** LOGIC CELL INTERCONNECTIONS **

Logic Array Block 'B':

                                         Logic cells placed in LAB 'B'
        +------------------------------- LC30 O0
        | +----------------------------- LC28 O1
        | | +--------------------------- LC31 O2
        | | | +------------------------- LC32 O3
        | | | | +----------------------- LC29 O4
        | | | | | +--------------------- LC26 O7
        | | | | | | +------------------- LC25 O8
        | | | | | | | +----------------- LC17 O9
        | | | | | | | | +--------------- LC18 O10
        | | | | | | | | | +------------- LC19 O11
        | | | | | | | | | | +----------- LC20 O12
        | | | | | | | | | | | +--------- LC21 O13
        | | | | | | | | | | | | +------- LC22 O14
        | | | | | | | | | | | | | +----- LC23 O15
        | | | | | | | | | | | | | | +--- LC24 O16
        | | | | | | | | | | | | | | | +- LC27 O17
        | | | | | | | | | | | | | | | | 
        | | | | | | | | | | | | | | | |   Other LABs fed by signals
        | | | | | | | | | | | | | | | |   that feed LAB 'B'
LC      | | | | | | | | | | | | | | | | | A B |     Logic cells that feed LAB 'B':

Pin
43   -> * * * * * * * * * * * * * * * * | * * | <-- ADDR0
9    -> * * * * * * * * * * * * * * * * | * * | <-- ADDR1
8    -> * * * * * * * * * * * * * * * * | * * | <-- ADDR2
7    -> * * * * * * * * * * * * * * * * | * * | <-- ADDR3
6    -> * * * * * * * * * * * * * * * * | * * | <-- ADDR4
5    -> * * * * * * * * * * * * * * * * | * * | <-- ADDR5


* = The logic cell or pin is an input to the logic cell (or LAB) through the PIA.
- = The logic cell or pin is not an input to the logic cell (or LAB).


Device-Specific Information:                 f:\files\freezing-cpu\controm.rpt
controm

** EQUATIONS **

ADDR0    : INPUT;
ADDR1    : INPUT;
ADDR2    : INPUT;
ADDR3    : INPUT;
ADDR4    : INPUT;
ADDR5    : INPUT;

-- Node name is 'O0' 
-- Equation name is 'O0', location is LC030, type is output.
 O0      = LCELL( _EQ001 $  GND);
  _EQ001 = !ADDR0 & !ADDR1 & !ADDR2 &  ADDR3 & !ADDR4 & !ADDR5;

-- Node name is 'O1' 
-- Equation name is 'O1', location is LC028, type is output.
 O1      = LCELL( _EQ002 $  GND);
  _EQ002 =  ADDR0 &  ADDR1 &  ADDR2 & !ADDR3 & !ADDR4 & !ADDR5;

-- Node name is 'O2' 
-- Equation name is 'O2', location is LC031, type is output.
 O2      = LCELL( _EQ003 $  ADDR5);
  _EQ003 = !ADDR0 & !ADDR1 & !ADDR2 & !ADDR3 & !ADDR4 &  ADDR5
         #  ADDR0 &  ADDR1 &  ADDR2 &  ADDR3 & !ADDR5
         # !ADDR0 &  ADDR1 & !ADDR2 &  ADDR3 & !ADDR5
         #  ADDR4 & !ADDR5 &  _X001;
  _X001  = EXP(!ADDR0 & !ADDR1 & !ADDR2 & !ADDR3);

-- Node name is 'O3' 
-- Equation name is 'O3', location is LC032, type is output.
 O3      = LCELL( _EQ004 $  VCC);
  _EQ004 =  ADDR0 & !ADDR1 &  ADDR2 &  ADDR3 & !ADDR4 & !ADDR5
         #  ADDR0 & !ADDR1 & !ADDR2 & !ADDR3 & !ADDR4 & !ADDR5
         # !ADDR0 & !ADDR1 & !ADDR2 & !ADDR3 & !ADDR4 &  ADDR5
         # !ADDR0 & !ADDR1 & !ADDR2 & !ADDR3 &  ADDR4 & !ADDR5;

-- Node name is 'O4' 
-- Equation name is 'O4', location is LC029, type is output.
 O4      = LCELL( _EQ005 $ !ADDR5);
  _EQ005 =  ADDR0 &  ADDR1 &  ADDR2 &  ADDR3 & !ADDR5
         # !ADDR0 &  ADDR1 & !ADDR2 &  ADDR3 & !ADDR5
         # !ADDR0 & !ADDR1 & !ADDR2 & !ADDR3 & !ADDR4
         #  ADDR4 & !ADDR5 &  _X001;
  _X001  = EXP(!ADDR0 & !ADDR1 & !ADDR2 & !ADDR3);

-- Node name is 'O5' 
-- Equation name is 'O5', location is LC013, type is output.
 O5      = LCELL( GND $  VCC);

-- Node name is 'O6' 
-- Equation name is 'O6', location is LC015, type is output.
 O6      = LCELL( _EQ006 $  VCC);
  _EQ006 = !ADDR0 & !ADDR1 &  ADDR2 & !ADDR4 & !ADDR5;

-- Node name is 'O7' 
-- Equation name is 'O7', location is LC026, type is output.
 O7      = LCELL( _EQ007 $  VCC);
  _EQ007 = !ADDR0 & !ADDR1 &  ADDR2 & !ADDR3 & !ADDR4 & !ADDR5;

-- Node name is 'O8' 
-- Equation name is 'O8', location is LC025, type is output.
 O8      = LCELL( _EQ008 $  VCC);
  _EQ008 = !ADDR0 &  ADDR1 &  ADDR2 &  ADDR3 & !ADDR4 & !ADDR5;

-- Node name is 'O9' 
-- Equation name is 'O9', location is LC017, type is output.
 O9      = LCELL( _EQ009 $  VCC);
  _EQ009 = !ADDR0 &  ADDR1 & !ADDR2 & !ADDR3 & !ADDR4 & !ADDR5;

-- Node name is 'O10' 
-- Equation name is 'O10', location is LC018, type is output.
 O10     = LCELL( _EQ010 $  VCC);
  _EQ010 =  ADDR0 & !ADDR1 & !ADDR2 &  ADDR3 & !ADDR4 & !ADDR5
         #  ADDR0 &  ADDR1 & !ADDR2 & !ADDR3 & !ADDR4 & !ADDR5
         #  ADDR0 & !ADDR1 &  ADDR2 & !ADDR3 & !ADDR4 & !ADDR5;

-- Node name is 'O11' 
-- Equation name is 'O11', location is LC019, type is output.
 O11     = LCELL( _EQ011 $  GND);
  _EQ011 =  ADDR0 &  ADDR1 & !ADDR2 & !ADDR4 & !ADDR5
         # !ADDR1 &  ADDR2 &  ADDR3 & !ADDR4 & !ADDR5
         # !ADDR0 & !ADDR1 & !ADDR2 & !ADDR3 &  _X002
         # !ADDR0 & !ADDR4 & !ADDR5 &  _X003
         # !ADDR3 & !ADDR4 & !ADDR5 &  _X004;
  _X002  = EXP( ADDR4 &  ADDR5);
  _X003  = EXP( ADDR1 & !ADDR2);
  _X004  = EXP(!ADDR1 &  ADDR2);

-- Node name is 'O12' 
-- Equation name is 'O12', location is LC020, type is output.
 O12     = LCELL( _EQ012 $  GND);
  _EQ012 = !ADDR0 &  ADDR2 &  ADDR3 & !ADDR4 & !ADDR5
         #  ADDR0 &  ADDR1 & !ADDR2 & !ADDR4 & !ADDR5
         # !ADDR0 & !ADDR1 & !ADDR2 & !ADDR3 &  _X002
         # !ADDR3 & !ADDR4 & !ADDR5 &  _X005
         # !ADDR1 & !ADDR4 & !ADDR5 &  _X006;
  _X002  = EXP( ADDR4 &  ADDR5);
  _X005  = EXP(!ADDR0 &  ADDR2);
  _X006  = EXP( ADDR0 & !ADDR2);

-- Node name is 'O13' 
-- Equation name is 'O13', location is LC021, type is output.
 O13     = LCELL( _EQ013 $  GND);
  _EQ013 =  ADDR2 &  ADDR3 & !ADDR4 & !ADDR5 &  _X007
         #  ADDR0 &  ADDR1 & !ADDR4 & !ADDR5 &  _X008
         # !ADDR0 & !ADDR1 & !ADDR2 & !ADDR3 &  _X002
         # !ADDR2 & !ADDR3 & !ADDR4 & !ADDR5
         # !ADDR0 & !ADDR1 & !ADDR4 & !ADDR5;
  _X007  = EXP( ADDR0 &  ADDR1);
  _X008  = EXP( ADDR2 &  ADDR3);
  _X002  = EXP( ADDR4 &  ADDR5);

-- Node name is 'O14' 
-- Equation name is 'O14', location is LC022, type is output.
 O14     = LCELL( _EQ014 $  VCC);
  _EQ014 =  ADDR0 &  ADDR1 & !ADDR2 &  ADDR3 & !ADDR4 & !ADDR5
         # !ADDR0 &  ADDR1 &  ADDR2 &  ADDR3 & !ADDR4 & !ADDR5
         # !ADDR0 & !ADDR1 &  ADDR2 & !ADDR3 & !ADDR4 & !ADDR5;

-- Node name is 'O15' 
-- Equation name is 'O15', location is LC023, type is output.
 O15     = LCELL( _EQ015 $  GND);
  _EQ015 =  ADDR0 & !ADDR1 & !ADDR2 &  ADDR3 & !ADDR4 & !ADDR5
         # !ADDR0 &  ADDR1 &  ADDR2 & !ADDR3 & !ADDR4 & !ADDR5
         #  ADDR0 & !ADDR1 &  ADDR2 & !ADDR3 & !ADDR4 & !ADDR5;

-- Node name is 'O16' 
-- Equation name is 'O16', location is LC024, type is output.
 O16     = LCELL( _EQ016 $  GND);
  _EQ016 = !ADDR0 & !ADDR1 &  ADDR2 &  ADDR3 & !ADDR4 & !ADDR5
         # !ADDR0 &  ADDR1 & !ADDR2 & !ADDR3 & !ADDR4 & !ADDR5
         #  ADDR0 & !ADDR1 & !ADDR2 & !ADDR4 & !ADDR5
         #  ADDR0 & !ADDR1 & !ADDR3 & !ADDR4 & !ADDR5;

-- Node name is 'O17' 
-- Equation name is 'O17', location is LC027, type is output.
 O17     = LCELL( _EQ017 $  ADDR5);
  _EQ017 =  ADDR0 &  ADDR1 &  ADDR2 &  ADDR3 & !ADDR5
         # !ADDR0 &  ADDR1 & !ADDR2 &  ADDR3 & !ADDR5
         # !ADDR0 & !ADDR1 & !ADDR2 & !ADDR3 & !ADDR4
         #  ADDR4 & !ADDR5 &  _X001;
  _X001  = EXP(!ADDR0 & !ADDR1 & !ADDR2 & !ADDR3);

-- Node name is 'O18' 
-- Equation name is 'O18', location is LC011, type is output.
 O18     = LCELL( _EQ018 $  GND);
  _EQ018 =  ADDR0 &  ADDR1 & !ADDR2 & !ADDR4 & !ADDR5;

-- Node name is 'O19' 
-- Equation name is 'O19', location is LC010, type is output.
 O19     = LCELL( _EQ019 $  ADDR5);
  _EQ019 = !ADDR0 &  ADDR1 & !ADDR2 &  ADDR3 & !ADDR5
         # !ADDR0 & !ADDR1 & !ADDR2 & !ADDR3 & !ADDR5
         #  ADDR0 &  ADDR2 &  ADDR3 & !ADDR5
         #  ADDR4 & !ADDR5;

-- Node name is 'O20' 
-- Equation name is 'O20', location is LC009, type is output.
 O20     = LCELL( _EQ020 $  VCC);
  _EQ020 =  ADDR0 & !ADDR1 &  ADDR2 &  ADDR3 & !ADDR4 & !ADDR5
         # !ADDR0 & !ADDR1 & !ADDR2 & !ADDR3 & !ADDR4 &  ADDR5
         # !ADDR0 & !ADDR1 & !ADDR2 & !ADDR3 &  ADDR4 & !ADDR5;

-- Node name is 'UA0' 
-- Equation name is 'UA0', location is LC008, type is output.
 UA0     = LCELL( VCC $  VCC);

-- Node name is 'UA1' 
-- Equation name is 'UA1', location is LC007, type is output.
 UA1     = LCELL( VCC $  VCC);

-- Node name is 'UA2' 
-- Equation name is 'UA2', location is LC016, type is output.
 UA2     = LCELL( _EQ021 $  GND);
  _EQ021 =  ADDR0 &  ADDR1 & !ADDR2 & !ADDR4 & !ADDR5;

-- Node name is 'UA3' 
-- Equation name is 'UA3', location is LC012, type is output.
 UA3     = LCELL( _EQ022 $  GND);
  _EQ022 =  ADDR0 &  ADDR1 & !ADDR2 &  ADDR3 & !ADDR4 & !ADDR5;

-- Node name is 'UA4' 
-- Equation name is 'UA4', location is LC001, type is output.
 UA4     = LCELL( VCC $  VCC);

-- Node name is 'UA5' 
-- Equation name is 'UA5', location is LC014, type is output.
 UA5     = LCELL( VCC $  VCC);



--     Shareable expanders that are duplicated in multiple LABs:
--     (none)




Project Information                          f:\files\freezing-cpu\controm.rpt

** COMPILATION SETTINGS & TIMES **

Processing Menu Commands
------------------------

Design Doctor                             = off

Logic Synthesis:

   Synthesis Type Used                    = Standard

   Default Synthesis Style                = NORMAL

      Logic option settings in 'NORMAL' style for 'MAX7000' family

      DECOMPOSE_GATES                     = on
      DUPLICATE_LOGIC_EXTRACTION          = on
      MINIMIZATION                        = full
      MULTI_LEVEL_FACTORING               = on
      NOT_GATE_PUSH_BACK                  = on
      PARALLEL_EXPANDERS                  = off
      REDUCE_LOGIC                        = on
      REFACTORIZATION                     = on
      REGISTER_OPTIMIZATION               = on
      RESYNTHESIZE_NETWORK                = on
      SLOW_SLEW_RATE                      = off
      SOFT_BUFFER_INSERTION               = on
      SUBFACTOR_EXTRACTION                = on
      TURBO_BIT                           = on
      XOR_SYNTHESIS                       = on
      IGNORE_SOFT_BUFFERS                 = off
      USE_LPM_FOR_AHDL_OPERATORS          = off

   Other logic synthesis settings:

      Automatic Global Clock              = on
      Automatic Global Clear              = on
      Automatic Global Preset             = on
      Automatic Global Output Enable      = on
      Automatic Fast I/O                  = off
      Automatic Register Packing          = off
      Automatic Open-Drain Pins           = on
      Automatic Implement in EAB          = off
      One-Hot State Machine Encoding      = off
      Optimize                            = 5

Default Timing Specifications: None

Cut All Bidir Feedback Timing Paths       = on
Cut All Clear & Preset Timing Paths       = on

Ignore Timing Assignments                 = off

Functional SNF Extractor                  = off

Linked SNF Extractor                      = off
Timing SNF Extractor                      = on
Optimize Timing SNF                       = off
Generate AHDL TDO File                    = off
Fitter Settings                           = NORMAL
Smart Recompile                           = off
Total Recompile                           = off

Interfaces Menu Commands
------------------------

EDIF Netlist Writer                       = off
Verilog Netlist Writer                    = off
VHDL Netlist Writer                       = off

Compilation Times
-----------------

   Compiler Netlist Extractor             00:00:01
   Database Builder                       00:00:00
   Logic Synthesizer                      00:00:00
   Partitioner                            00:00:00
   Fitter                                 00:00:00
   Timing SNF Extractor                   00:00:00
   Assembler                              00:00:00
   --------------------------             --------
   Total Time                             00:00:01


Memory Allocated
-----------------

Peak memory allocated during compilation  = 4,267K
